<?xml version="1.0" encoding="UTF-8"?>
<testng-results skipped="0" failed="0" ignored="0" total="1" passed="1">
  <reporter-output>
  </reporter-output>
  <suite name="Default suite" duration-ms="40798" started-at="2020-03-28T05:26:06Z" finished-at="2020-03-28T05:26:47Z">
    <groups>
    </groups>
    <test name="Default test" duration-ms="40798" started-at="2020-03-28T05:26:06Z" finished-at="2020-03-28T05:26:47Z">
      <class name="assignment.Assignment4">
        <test-method status="PASS" signature="testcase1()[pri:1, instance:assignment.Assignment4@396a51ab]" name="testcase1" duration-ms="40610" started-at="2020-03-28T10:56:06Z" finished-at="2020-03-28T10:56:47Z">
          <reporter-output>
          </reporter-output>
        </test-method> <!-- testcase1 -->
      </class> <!-- assignment.Assignment4 -->
    </test> <!-- Default test -->
  </suite> <!-- Default suite -->
</testng-results>
