<?xml version="1.0" encoding="UTF-8"?>
<testng-results skipped="0" failed="0" ignored="0" total="1" passed="1">
  <reporter-output>
  </reporter-output>
  <suite name="Default suite" duration-ms="1346" started-at="2020-04-02T06:11:45Z" finished-at="2020-04-02T06:11:47Z">
    <groups>
    </groups>
    <test name="Default test" duration-ms="1346" started-at="2020-04-02T06:11:45Z" finished-at="2020-04-02T06:11:47Z">
      <class name="excelReadWrite.ReadWrite">
        <test-method status="PASS" signature="readWriteDataFromExcel()[pri:0, instance:excelReadWrite.ReadWrite@457e2f02]" name="readWriteDataFromExcel" duration-ms="1243" started-at="2020-04-02T11:41:45Z" finished-at="2020-04-02T11:41:47Z">
          <reporter-output>
          </reporter-output>
        </test-method> <!-- readWriteDataFromExcel -->
      </class> <!-- excelReadWrite.ReadWrite -->
    </test> <!-- Default test -->
  </suite> <!-- Default suite -->
</testng-results>
