<?xml version="1.0" encoding="UTF-8"?>
<!-- Generated by org.testng.reporters.JUnitXMLReporter -->
<testsuite hostname="Puja_PC" ignored="0" name="Default test" tests="4" failures="0" timestamp="30 Mar 2020 13:38:07 GMT" time="39.341" errors="0">
  <testcase name="Testcase1" time="16.564" classname="jupyter_toys.JupyterToys"/>
  <testcase name="Testcase2" time="19.174" classname="jupyter_toys.JupyterToys"/>
  <testcase name="Testcase3" time="0.35" classname="jupyter_toys.JupyterToys"/>
  <testcase name="Testcase4" time="3.145" classname="jupyter_toys.JupyterToys"/>
</testsuite> <!-- Default test -->
